param/2025May/LambdaProduction.txt

RGN1::SEL_TOF                        0
RGN2A::DELAY_BH1_BEAM                1
RGN2A::DELAY_BH2_BEAM                1
RGN2A::DELAY_BAC_BEAM               11
RGN2A::DELAY_HTOF_BEAM               1
RGN2A::DELAY_OTHER1_BEAM             1
RGN2A::DELAY_OTHER2_BEAM             1
RGN2A::WIDTH_BH1_BEAM               10
RGN2A::WIDTH_BH2_BEAM                4
RGN2A::WIDTH_BAC_BEAM               13
RGN2A::WIDTH_HTOF_BEAM              10
RGN2A::WIDTH_OTHER1_BEAM            10
RGN2A::WIDTH_OTHER2_BEAM            10
RGN2A::BPS_CTRL_BEAM                24
RGN2A::BPS_COIN_BEAM                16
RGN2A::DELAY_BEAM_SCAT              13
RGN2A::DELAY_PVAC_SCAT              18
RGN2A::DELAY_FAC_SCAT                5
RGN2A::DELAY_TOF_SCAT                1
RGN2A::DELAY_LAC_SCAT                1
RGN2A::DELAY_WC_SCAT                 1
RGN2A::DELAY_M2D1_SCAT               1
RGN2A::DELAY_M2D2_SCAT               1
RGN2A::DELAY_M3D_SCAT                1
RGN2A::DELAY_OTHER3_SCAT             1
RGN2A::DELAY_OTHER4_SCAT             1
RGN2A::WIDTH_BEAM_SCAT               1
RGN2A::WIDTH_PVAC_SCAT              20
RGN2A::WIDTH_FAC_SCAT               20
RGN2A::WIDTH_TOF_SCAT               10
RGN2A::WIDTH_LAC_SCAT               11
RGN2A::WIDTH_WC_SCAT                10
RGN2A::WIDTH_M2D1_SCAT              10
RGN2A::WIDTH_M2D2_SCAT              10
RGN2A::WIDTH_M3D_SCAT               10
RGN2A::WIDTH_OTHER3_SCAT            15
RGN2A::WIDTH_OTHER4_SCAT            19
RGN2A::BPS_CTRL_SCAT              1856
RGN2A::BPS_COIN_SCAT              1088
RGN2B::DELAY_BH1_BEAM                1
RGN2B::DELAY_BH2_BEAM                1
RGN2B::DELAY_BAC_BEAM               11
RGN2B::DELAY_HTOF_BEAM               1
RGN2B::DELAY_OTHER1_BEAM             1
RGN2B::DELAY_OTHER2_BEAM             1
RGN2B::WIDTH_BH1_BEAM               10
RGN2B::WIDTH_BH2_BEAM                4
RGN2B::WIDTH_BAC_BEAM               13
RGN2B::WIDTH_HTOF_BEAM              10
RGN2B::WIDTH_OTHER1_BEAM            10
RGN2B::WIDTH_OTHER2_BEAM            10
RGN2B::BPS_CTRL_BEAM                16
RGN2B::BPS_COIN_BEAM                16
RGN2B::DELAY_BEAM_SCAT              13
RGN2B::DELAY_PVAC_SCAT              18
RGN2B::DELAY_FAC_SCAT                5
RGN2B::DELAY_TOF_SCAT                1
RGN2B::DELAY_LAC_SCAT                1
RGN2B::DELAY_WC_SCAT                 1
RGN2B::DELAY_M2D1_SCAT               1
RGN2B::DELAY_M2D2_SCAT               1
RGN2B::DELAY_M3D_SCAT                1
RGN2B::DELAY_OTHER3_SCAT             1
RGN2B::DELAY_OTHER4_SCAT             1
RGN2B::WIDTH_BEAM_SCAT               1
RGN2B::WIDTH_PVAC_SCAT              20
RGN2B::WIDTH_FAC_SCAT               20
RGN2B::WIDTH_TOF_SCAT               10
RGN2B::WIDTH_LAC_SCAT               11
RGN2B::WIDTH_WC_SCAT                10
RGN2B::WIDTH_M2D1_SCAT              10
RGN2B::WIDTH_M2D2_SCAT              10
RGN2B::WIDTH_M3D_SCAT               10
RGN2B::WIDTH_OTHER3_SCAT            10
RGN2B::WIDTH_OTHER4_SCAT            10
RGN2B::BPS_CTRL_SCAT              1344
RGN2B::BPS_COIN_SCAT              1088
RGN2C::DELAY_BH1_BEAM                1
RGN2C::DELAY_BH2_BEAM                1
RGN2C::DELAY_BAC_BEAM                1
RGN2C::DELAY_HTOF_BEAM               1
RGN2C::DELAY_OTHER1_BEAM             1
RGN2C::DELAY_OTHER2_BEAM             1
RGN2C::WIDTH_BH1_BEAM               10
RGN2C::WIDTH_BH2_BEAM               10
RGN2C::WIDTH_BAC_BEAM               10
RGN2C::WIDTH_HTOF_BEAM              10
RGN2C::WIDTH_OTHER1_BEAM            10
RGN2C::WIDTH_OTHER2_BEAM            10
RGN2C::BPS_CTRL_BEAM                 0
RGN2C::BPS_COIN_BEAM                 0
RGN2C::DELAY_BEAM_SCAT               1
RGN2C::DELAY_PVAC_SCAT              65
RGN2C::DELAY_FAC_SCAT                1
RGN2C::DELAY_TOF_SCAT                1
RGN2C::DELAY_LAC_SCAT                1
RGN2C::DELAY_WC_SCAT                 1
RGN2C::DELAY_M2D1_SCAT               1
RGN2C::DELAY_M2D2_SCAT               5
RGN2C::DELAY_M3D_SCAT                1
RGN2C::DELAY_OTHER3_SCAT             1
RGN2C::DELAY_OTHER4_SCAT             1
RGN2C::WIDTH_BEAM_SCAT              10
RGN2C::WIDTH_PVAC_SCAT              30
RGN2C::WIDTH_FAC_SCAT               10
RGN2C::WIDTH_TOF_SCAT               10
RGN2C::WIDTH_LAC_SCAT               10
RGN2C::WIDTH_WC_SCAT                10
RGN2C::WIDTH_M2D1_SCAT               1
RGN2C::WIDTH_M2D2_SCAT               8
RGN2C::WIDTH_M3D_SCAT               10
RGN2C::WIDTH_OTHER3_SCAT            10
RGN2C::WIDTH_OTHER4_SCAT            10
RGN2C::BPS_CTRL_SCAT                16
RGN2C::BPS_COIN_SCAT                16
RGN2D::DELAY_BH1_BEAM                1
RGN2D::DELAY_BH2_BEAM                1
RGN2D::DELAY_BAC_BEAM                1
RGN2D::DELAY_HTOF_BEAM               1
RGN2D::DELAY_OTHER1_BEAM             1
RGN2D::DELAY_OTHER2_BEAM             1
RGN2D::WIDTH_BH1_BEAM               10
RGN2D::WIDTH_BH2_BEAM               10
RGN2D::WIDTH_BAC_BEAM               10
RGN2D::WIDTH_HTOF_BEAM              10
RGN2D::WIDTH_OTHER1_BEAM            10
RGN2D::WIDTH_OTHER2_BEAM            10
RGN2D::BPS_CTRL_BEAM                 0
RGN2D::BPS_COIN_BEAM                 0
RGN2D::DELAY_BEAM_SCAT               1
RGN2D::DELAY_PVAC_SCAT             177
RGN2D::DELAY_FAC_SCAT                1
RGN2D::DELAY_TOF_SCAT                1
RGN2D::DELAY_LAC_SCAT                1
RGN2D::DELAY_WC_SCAT                 1
RGN2D::DELAY_M2D1_SCAT             251
RGN2D::DELAY_M2D2_SCAT             255
RGN2D::DELAY_M3D_SCAT                1
RGN2D::DELAY_OTHER3_SCAT             1
RGN2D::DELAY_OTHER4_SCAT             1
RGN2D::WIDTH_BEAM_SCAT              10
RGN2D::WIDTH_PVAC_SCAT              30
RGN2D::WIDTH_FAC_SCAT               10
RGN2D::WIDTH_TOF_SCAT               10
RGN2D::WIDTH_LAC_SCAT               10
RGN2D::WIDTH_WC_SCAT                10
RGN2D::WIDTH_M2D1_SCAT               1
RGN2D::WIDTH_M2D2_SCAT               8
RGN2D::WIDTH_M3D_SCAT               10
RGN2D::WIDTH_OTHER3_SCAT            10
RGN2D::WIDTH_OTHER4_SCAT            10
RGN2D::BPS_CTRL_SCAT                 0
RGN2D::BPS_COIN_SCAT                 0
RGN2E::DELAY_BH1_BEAM                1
RGN2E::DELAY_BH2_BEAM                1
RGN2E::DELAY_BAC_BEAM                1
RGN2E::DELAY_HTOF_BEAM               1
RGN2E::DELAY_OTHER1_BEAM             1
RGN2E::DELAY_OTHER2_BEAM             1
RGN2E::WIDTH_BH1_BEAM               10
RGN2E::WIDTH_BH2_BEAM               10
RGN2E::WIDTH_BAC_BEAM               10
RGN2E::WIDTH_HTOF_BEAM              10
RGN2E::WIDTH_OTHER1_BEAM            10
RGN2E::WIDTH_OTHER2_BEAM            10
RGN2E::BPS_CTRL_BEAM                 0
RGN2E::BPS_COIN_BEAM                 0
RGN2E::DELAY_BEAM_SCAT               1
RGN2E::DELAY_PVAC_SCAT               1
RGN2E::DELAY_FAC_SCAT                1
RGN2E::DELAY_TOF_SCAT                1
RGN2E::DELAY_LAC_SCAT               14
RGN2E::DELAY_WC_SCAT                 1
RGN2E::DELAY_M2D1_SCAT               1
RGN2E::DELAY_M2D2_SCAT               1
RGN2E::DELAY_M3D_SCAT                1
RGN2E::DELAY_OTHER3_SCAT            18
RGN2E::DELAY_OTHER4_SCAT            18
RGN2E::WIDTH_BEAM_SCAT              10
RGN2E::WIDTH_PVAC_SCAT              10
RGN2E::WIDTH_FAC_SCAT               10
RGN2E::WIDTH_TOF_SCAT               10
RGN2E::WIDTH_LAC_SCAT               10
RGN2E::WIDTH_WC_SCAT                10
RGN2E::WIDTH_M2D1_SCAT              10
RGN2E::WIDTH_M2D2_SCAT              10
RGN2E::WIDTH_M3D_SCAT               10
RGN2E::WIDTH_OTHER3_SCAT            10
RGN2E::WIDTH_OTHER4_SCAT            10
RGN2E::BPS_CTRL_SCAT                32
RGN2E::BPS_COIN_SCAT                32
RGN2F::DELAY_BH1_BEAM                1
RGN2F::DELAY_BH2_BEAM                1
RGN2F::DELAY_BAC_BEAM                1
RGN2F::DELAY_HTOF_BEAM               1
RGN2F::DELAY_OTHER1_BEAM             1
RGN2F::DELAY_OTHER2_BEAM             1
RGN2F::WIDTH_BH1_BEAM               10
RGN2F::WIDTH_BH2_BEAM               10
RGN2F::WIDTH_BAC_BEAM               10
RGN2F::WIDTH_HTOF_BEAM              10
RGN2F::WIDTH_OTHER1_BEAM            10
RGN2F::WIDTH_OTHER2_BEAM            10
RGN2F::BPS_CTRL_BEAM                 0
RGN2F::BPS_COIN_BEAM                 0
RGN2F::DELAY_BEAM_SCAT               1
RGN2F::DELAY_PVAC_SCAT               1
RGN2F::DELAY_FAC_SCAT                1
RGN2F::DELAY_TOF_SCAT                1
RGN2F::DELAY_LAC_SCAT                1
RGN2F::DELAY_WC_SCAT                 1
RGN2F::DELAY_M2D1_SCAT               1
RGN2F::DELAY_M2D2_SCAT               1
RGN2F::DELAY_M3D_SCAT                1
RGN2F::DELAY_OTHER3_SCAT             1
RGN2F::DELAY_OTHER4_SCAT             1
RGN2F::WIDTH_BEAM_SCAT              10
RGN2F::WIDTH_PVAC_SCAT              10
RGN2F::WIDTH_FAC_SCAT               10
RGN2F::WIDTH_TOF_SCAT               10
RGN2F::WIDTH_LAC_SCAT               10
RGN2F::WIDTH_WC_SCAT                10
RGN2F::WIDTH_M2D1_SCAT              10
RGN2F::WIDTH_M2D2_SCAT              10
RGN2F::WIDTH_M3D_SCAT               10
RGN2F::WIDTH_OTHER3_SCAT            10
RGN2F::WIDTH_OTHER4_SCAT            10
RGN2F::BPS_CTRL_SCAT                 0
RGN2F::BPS_COIN_SCAT                 0
RGN3::PS_R2A                         0
RGN3::GATE_R2A                       3
RGN3::PS_R2B                       129
RGN3::GATE_R2B                       1
RGN3::PS_R2C                         0
RGN3::GATE_R2C                       1
RGN3::PS_R2D                         0
RGN3::GATE_R2D                       1
RGN3::PS_R2E                         0
RGN3::GATE_R2E                       1
RGN3::PS_R2F                         0
RGN3::GATE_R2F                       1
RGN3::SEL_PSOR                       3
RGN3::RST_PSCNT                      0
RGN4::SEL_EXTCLK                     0
RGN4::SEL_RSV2                       0
RGN4::SEL_CLK10M                     0
RGN4::SEL_CLK1M                      0
RGN4::SEL_CLK100k                    0
RGN4::SEL_CLK10k                     0
RGN4::SEL_CLK1k                      0
RGN4::GATE                           1
